2020-12-18 02:36:52,212-django.request-(ERROR) Internal Server Error: /
Traceback (most recent call last):
  File "/home/felipe/Documents/Workspace/TCC/Projeto/TCC/myvenv/lib/python3.6/site-packages/django/template/base.py", line 470, in parse
    compile_func = self.tags[command]
KeyError: "'images/favicon.ico'"

During handling of the above exception, another exception occurred:

Traceback (most recent call last):
  File "/home/felipe/Documents/Workspace/TCC/Projeto/TCC/myvenv/lib/python3.6/site-packages/django/core/handlers/exception.py", line 47, in inner
    response = get_response(request)
  File "/home/felipe/Documents/Workspace/TCC/Projeto/TCC/myvenv/lib/python3.6/site-packages/django/core/handlers/base.py", line 179, in _get_response
    response = wrapped_callback(request, *callback_args, **callback_kwargs)
  File "/home/felipe/Documents/Workspace/TCC/Projeto/TCC/ecommerce/views.py", line 9, in home_page
    return render(request, 'ecommerce/page-index.html')
  File "/home/felipe/Documents/Workspace/TCC/Projeto/TCC/myvenv/lib/python3.6/site-packages/django/shortcuts.py", line 19, in render
    content = loader.render_to_string(template_name, context, request, using=using)
  File "/home/felipe/Documents/Workspace/TCC/Projeto/TCC/myvenv/lib/python3.6/site-packages/django/template/loader.py", line 62, in render_to_string
    return template.render(context, request)
  File "/home/felipe/Documents/Workspace/TCC/Projeto/TCC/myvenv/lib/python3.6/site-packages/django/template/backends/django.py", line 61, in render
    return self.template.render(context)
  File "/home/felipe/Documents/Workspace/TCC/Projeto/TCC/myvenv/lib/python3.6/site-packages/django/template/base.py", line 170, in render
    return self._render(context)
  File "/home/felipe/Documents/Workspace/TCC/Projeto/TCC/myvenv/lib/python3.6/site-packages/django/template/base.py", line 162, in _render
    return self.nodelist.render(context)
  File "/home/felipe/Documents/Workspace/TCC/Projeto/TCC/myvenv/lib/python3.6/site-packages/django/template/base.py", line 938, in render
    bit = node.render_annotated(context)
  File "/home/felipe/Documents/Workspace/TCC/Projeto/TCC/myvenv/lib/python3.6/site-packages/django/template/base.py", line 905, in render_annotated
    return self.render(context)
  File "/home/felipe/Documents/Workspace/TCC/Projeto/TCC/myvenv/lib/python3.6/site-packages/django/template/loader_tags.py", line 127, in render
    compiled_parent = self.get_parent(context)
  File "/home/felipe/Documents/Workspace/TCC/Projeto/TCC/myvenv/lib/python3.6/site-packages/django/template/loader_tags.py", line 124, in get_parent
    return self.find_template(parent, context)
  File "/home/felipe/Documents/Workspace/TCC/Projeto/TCC/myvenv/lib/python3.6/site-packages/django/template/loader_tags.py", line 104, in find_template
    template_name, skip=history,
  File "/home/felipe/Documents/Workspace/TCC/Projeto/TCC/myvenv/lib/python3.6/site-packages/django/template/engine.py", line 125, in find_template
    template = loader.get_template(name, skip=skip)
  File "/home/felipe/Documents/Workspace/TCC/Projeto/TCC/myvenv/lib/python3.6/site-packages/django/template/loaders/base.py", line 30, in get_template
    contents, origin, origin.template_name, self.engine,
  File "/home/felipe/Documents/Workspace/TCC/Projeto/TCC/myvenv/lib/python3.6/site-packages/django/template/base.py", line 155, in __init__
    self.nodelist = self.compile_nodelist()
  File "/home/felipe/Documents/Workspace/TCC/Projeto/TCC/myvenv/lib/python3.6/site-packages/django/template/base.py", line 193, in compile_nodelist
    return parser.parse()
  File "/home/felipe/Documents/Workspace/TCC/Projeto/TCC/myvenv/lib/python3.6/site-packages/django/template/base.py", line 472, in parse
    self.invalid_block_tag(token, command, parse_until)
  File "/home/felipe/Documents/Workspace/TCC/Projeto/TCC/myvenv/lib/python3.6/site-packages/django/template/base.py", line 534, in invalid_block_tag
    "or load this tag?" % (token.lineno, command)
django.template.exceptions.TemplateSyntaxError: Invalid block tag on line 15: ''images/favicon.ico''. Did you forget to register or load this tag?
2020-12-18 02:55:19,735-django.request-(ERROR) Internal Server Error: /
Traceback (most recent call last):
  File "/home/felipe/Documents/Workspace/TCC/Projeto/TCC/myvenv/lib/python3.6/site-packages/django/template/defaulttags.py", line 1034, in find_library
    return parser.libraries[name]
KeyError: 'icons'

During handling of the above exception, another exception occurred:

Traceback (most recent call last):
  File "/home/felipe/Documents/Workspace/TCC/Projeto/TCC/myvenv/lib/python3.6/site-packages/django/core/handlers/exception.py", line 47, in inner
    response = get_response(request)
  File "/home/felipe/Documents/Workspace/TCC/Projeto/TCC/myvenv/lib/python3.6/site-packages/django/core/handlers/base.py", line 179, in _get_response
    response = wrapped_callback(request, *callback_args, **callback_kwargs)
  File "/home/felipe/Documents/Workspace/TCC/Projeto/TCC/ecommerce/views.py", line 9, in home_page
    return render(request, 'ecommerce/page-index.html')
  File "/home/felipe/Documents/Workspace/TCC/Projeto/TCC/myvenv/lib/python3.6/site-packages/django/shortcuts.py", line 19, in render
    content = loader.render_to_string(template_name, context, request, using=using)
  File "/home/felipe/Documents/Workspace/TCC/Projeto/TCC/myvenv/lib/python3.6/site-packages/django/template/loader.py", line 62, in render_to_string
    return template.render(context, request)
  File "/home/felipe/Documents/Workspace/TCC/Projeto/TCC/myvenv/lib/python3.6/site-packages/django/template/backends/django.py", line 61, in render
    return self.template.render(context)
  File "/home/felipe/Documents/Workspace/TCC/Projeto/TCC/myvenv/lib/python3.6/site-packages/django/template/base.py", line 170, in render
    return self._render(context)
  File "/home/felipe/Documents/Workspace/TCC/Projeto/TCC/myvenv/lib/python3.6/site-packages/django/template/base.py", line 162, in _render
    return self.nodelist.render(context)
  File "/home/felipe/Documents/Workspace/TCC/Projeto/TCC/myvenv/lib/python3.6/site-packages/django/template/base.py", line 938, in render
    bit = node.render_annotated(context)
  File "/home/felipe/Documents/Workspace/TCC/Projeto/TCC/myvenv/lib/python3.6/site-packages/django/template/base.py", line 905, in render_annotated
    return self.render(context)
  File "/home/felipe/Documents/Workspace/TCC/Projeto/TCC/myvenv/lib/python3.6/site-packages/django/template/loader_tags.py", line 127, in render
    compiled_parent = self.get_parent(context)
  File "/home/felipe/Documents/Workspace/TCC/Projeto/TCC/myvenv/lib/python3.6/site-packages/django/template/loader_tags.py", line 124, in get_parent
    return self.find_template(parent, context)
  File "/home/felipe/Documents/Workspace/TCC/Projeto/TCC/myvenv/lib/python3.6/site-packages/django/template/loader_tags.py", line 104, in find_template
    template_name, skip=history,
  File "/home/felipe/Documents/Workspace/TCC/Projeto/TCC/myvenv/lib/python3.6/site-packages/django/template/engine.py", line 125, in find_template
    template = loader.get_template(name, skip=skip)
  File "/home/felipe/Documents/Workspace/TCC/Projeto/TCC/myvenv/lib/python3.6/site-packages/django/template/loaders/base.py", line 30, in get_template
    contents, origin, origin.template_name, self.engine,
  File "/home/felipe/Documents/Workspace/TCC/Projeto/TCC/myvenv/lib/python3.6/site-packages/django/template/base.py", line 155, in __init__
    self.nodelist = self.compile_nodelist()
  File "/home/felipe/Documents/Workspace/TCC/Projeto/TCC/myvenv/lib/python3.6/site-packages/django/template/base.py", line 193, in compile_nodelist
    return parser.parse()
  File "/home/felipe/Documents/Workspace/TCC/Projeto/TCC/myvenv/lib/python3.6/site-packages/django/template/base.py", line 478, in parse
    raise self.error(token, e)
  File "/home/felipe/Documents/Workspace/TCC/Projeto/TCC/myvenv/lib/python3.6/site-packages/django/template/base.py", line 476, in parse
    compiled_result = compile_func(self, token)
  File "/home/felipe/Documents/Workspace/TCC/Projeto/TCC/myvenv/lib/python3.6/site-packages/django/template/defaulttags.py", line 1091, in load
    lib = find_library(parser, name)
  File "/home/felipe/Documents/Workspace/TCC/Projeto/TCC/myvenv/lib/python3.6/site-packages/django/template/defaulttags.py", line 1038, in find_library
    name, "\n".join(sorted(parser.libraries)),
django.template.exceptions.TemplateSyntaxError: 'icons' is not a registered tag library. Must be one of:
admin_list
admin_modify
admin_urls
cache
i18n
l10n
log
static
tz
2020-12-18 02:57:01,796-django.request-(ERROR) Internal Server Error: /
Traceback (most recent call last):
  File "/home/felipe/Documents/Workspace/TCC/Projeto/TCC/myvenv/lib/python3.6/site-packages/django/template/defaulttags.py", line 1034, in find_library
    return parser.libraries[name]
KeyError: 'icons'

During handling of the above exception, another exception occurred:

Traceback (most recent call last):
  File "/home/felipe/Documents/Workspace/TCC/Projeto/TCC/myvenv/lib/python3.6/site-packages/django/core/handlers/exception.py", line 47, in inner
    response = get_response(request)
  File "/home/felipe/Documents/Workspace/TCC/Projeto/TCC/myvenv/lib/python3.6/site-packages/django/core/handlers/base.py", line 179, in _get_response
    response = wrapped_callback(request, *callback_args, **callback_kwargs)
  File "/home/felipe/Documents/Workspace/TCC/Projeto/TCC/ecommerce/views.py", line 9, in home_page
    return render(request, 'ecommerce/page-index.html')
  File "/home/felipe/Documents/Workspace/TCC/Projeto/TCC/myvenv/lib/python3.6/site-packages/django/shortcuts.py", line 19, in render
    content = loader.render_to_string(template_name, context, request, using=using)
  File "/home/felipe/Documents/Workspace/TCC/Projeto/TCC/myvenv/lib/python3.6/site-packages/django/template/loader.py", line 62, in render_to_string
    return template.render(context, request)
  File "/home/felipe/Documents/Workspace/TCC/Projeto/TCC/myvenv/lib/python3.6/site-packages/django/template/backends/django.py", line 61, in render
    return self.template.render(context)
  File "/home/felipe/Documents/Workspace/TCC/Projeto/TCC/myvenv/lib/python3.6/site-packages/django/template/base.py", line 170, in render
    return self._render(context)
  File "/home/felipe/Documents/Workspace/TCC/Projeto/TCC/myvenv/lib/python3.6/site-packages/django/template/base.py", line 162, in _render
    return self.nodelist.render(context)
  File "/home/felipe/Documents/Workspace/TCC/Projeto/TCC/myvenv/lib/python3.6/site-packages/django/template/base.py", line 938, in render
    bit = node.render_annotated(context)
  File "/home/felipe/Documents/Workspace/TCC/Projeto/TCC/myvenv/lib/python3.6/site-packages/django/template/base.py", line 905, in render_annotated
    return self.render(context)
  File "/home/felipe/Documents/Workspace/TCC/Projeto/TCC/myvenv/lib/python3.6/site-packages/django/template/loader_tags.py", line 127, in render
    compiled_parent = self.get_parent(context)
  File "/home/felipe/Documents/Workspace/TCC/Projeto/TCC/myvenv/lib/python3.6/site-packages/django/template/loader_tags.py", line 124, in get_parent
    return self.find_template(parent, context)
  File "/home/felipe/Documents/Workspace/TCC/Projeto/TCC/myvenv/lib/python3.6/site-packages/django/template/loader_tags.py", line 104, in find_template
    template_name, skip=history,
  File "/home/felipe/Documents/Workspace/TCC/Projeto/TCC/myvenv/lib/python3.6/site-packages/django/template/engine.py", line 125, in find_template
    template = loader.get_template(name, skip=skip)
  File "/home/felipe/Documents/Workspace/TCC/Projeto/TCC/myvenv/lib/python3.6/site-packages/django/template/loaders/base.py", line 30, in get_template
    contents, origin, origin.template_name, self.engine,
  File "/home/felipe/Documents/Workspace/TCC/Projeto/TCC/myvenv/lib/python3.6/site-packages/django/template/base.py", line 155, in __init__
    self.nodelist = self.compile_nodelist()
  File "/home/felipe/Documents/Workspace/TCC/Projeto/TCC/myvenv/lib/python3.6/site-packages/django/template/base.py", line 193, in compile_nodelist
    return parser.parse()
  File "/home/felipe/Documents/Workspace/TCC/Projeto/TCC/myvenv/lib/python3.6/site-packages/django/template/base.py", line 478, in parse
    raise self.error(token, e)
  File "/home/felipe/Documents/Workspace/TCC/Projeto/TCC/myvenv/lib/python3.6/site-packages/django/template/base.py", line 476, in parse
    compiled_result = compile_func(self, token)
  File "/home/felipe/Documents/Workspace/TCC/Projeto/TCC/myvenv/lib/python3.6/site-packages/django/template/defaulttags.py", line 1091, in load
    lib = find_library(parser, name)
  File "/home/felipe/Documents/Workspace/TCC/Projeto/TCC/myvenv/lib/python3.6/site-packages/django/template/defaulttags.py", line 1038, in find_library
    name, "\n".join(sorted(parser.libraries)),
django.template.exceptions.TemplateSyntaxError: 'icons' is not a registered tag library. Must be one of:
admin_list
admin_modify
admin_urls
cache
i18n
l10n
log
static
tz
2020-12-18 14:52:14,613-django.request-(ERROR) Internal Server Error: /
Traceback (most recent call last):
  File "/home/felipe/Documents/Workspace/TCC/Projeto/TCC/myvenv/lib/python3.6/site-packages/django/template/defaulttags.py", line 1034, in find_library
    return parser.libraries[name]
KeyError: 'staticfiles'

During handling of the above exception, another exception occurred:

Traceback (most recent call last):
  File "/home/felipe/Documents/Workspace/TCC/Projeto/TCC/myvenv/lib/python3.6/site-packages/django/core/handlers/exception.py", line 47, in inner
    response = get_response(request)
  File "/home/felipe/Documents/Workspace/TCC/Projeto/TCC/myvenv/lib/python3.6/site-packages/django/core/handlers/base.py", line 179, in _get_response
    response = wrapped_callback(request, *callback_args, **callback_kwargs)
  File "/home/felipe/Documents/Workspace/TCC/Projeto/TCC/ecommerce/views.py", line 9, in home_page
    return render(request, 'ecommerce/page-index.html')
  File "/home/felipe/Documents/Workspace/TCC/Projeto/TCC/myvenv/lib/python3.6/site-packages/django/shortcuts.py", line 19, in render
    content = loader.render_to_string(template_name, context, request, using=using)
  File "/home/felipe/Documents/Workspace/TCC/Projeto/TCC/myvenv/lib/python3.6/site-packages/django/template/loader.py", line 62, in render_to_string
    return template.render(context, request)
  File "/home/felipe/Documents/Workspace/TCC/Projeto/TCC/myvenv/lib/python3.6/site-packages/django/template/backends/django.py", line 61, in render
    return self.template.render(context)
  File "/home/felipe/Documents/Workspace/TCC/Projeto/TCC/myvenv/lib/python3.6/site-packages/django/template/base.py", line 170, in render
    return self._render(context)
  File "/home/felipe/Documents/Workspace/TCC/Projeto/TCC/myvenv/lib/python3.6/site-packages/django/template/base.py", line 162, in _render
    return self.nodelist.render(context)
  File "/home/felipe/Documents/Workspace/TCC/Projeto/TCC/myvenv/lib/python3.6/site-packages/django/template/base.py", line 938, in render
    bit = node.render_annotated(context)
  File "/home/felipe/Documents/Workspace/TCC/Projeto/TCC/myvenv/lib/python3.6/site-packages/django/template/base.py", line 905, in render_annotated
    return self.render(context)
  File "/home/felipe/Documents/Workspace/TCC/Projeto/TCC/myvenv/lib/python3.6/site-packages/django/template/loader_tags.py", line 127, in render
    compiled_parent = self.get_parent(context)
  File "/home/felipe/Documents/Workspace/TCC/Projeto/TCC/myvenv/lib/python3.6/site-packages/django/template/loader_tags.py", line 124, in get_parent
    return self.find_template(parent, context)
  File "/home/felipe/Documents/Workspace/TCC/Projeto/TCC/myvenv/lib/python3.6/site-packages/django/template/loader_tags.py", line 104, in find_template
    template_name, skip=history,
  File "/home/felipe/Documents/Workspace/TCC/Projeto/TCC/myvenv/lib/python3.6/site-packages/django/template/engine.py", line 125, in find_template
    template = loader.get_template(name, skip=skip)
  File "/home/felipe/Documents/Workspace/TCC/Projeto/TCC/myvenv/lib/python3.6/site-packages/django/template/loaders/base.py", line 30, in get_template
    contents, origin, origin.template_name, self.engine,
  File "/home/felipe/Documents/Workspace/TCC/Projeto/TCC/myvenv/lib/python3.6/site-packages/django/template/base.py", line 155, in __init__
    self.nodelist = self.compile_nodelist()
  File "/home/felipe/Documents/Workspace/TCC/Projeto/TCC/myvenv/lib/python3.6/site-packages/django/template/base.py", line 193, in compile_nodelist
    return parser.parse()
  File "/home/felipe/Documents/Workspace/TCC/Projeto/TCC/myvenv/lib/python3.6/site-packages/django/template/base.py", line 478, in parse
    raise self.error(token, e)
  File "/home/felipe/Documents/Workspace/TCC/Projeto/TCC/myvenv/lib/python3.6/site-packages/django/template/base.py", line 476, in parse
    compiled_result = compile_func(self, token)
  File "/home/felipe/Documents/Workspace/TCC/Projeto/TCC/myvenv/lib/python3.6/site-packages/django/template/defaulttags.py", line 1091, in load
    lib = find_library(parser, name)
  File "/home/felipe/Documents/Workspace/TCC/Projeto/TCC/myvenv/lib/python3.6/site-packages/django/template/defaulttags.py", line 1038, in find_library
    name, "\n".join(sorted(parser.libraries)),
django.template.exceptions.TemplateSyntaxError: 'staticfiles' is not a registered tag library. Must be one of:
admin_list
admin_modify
admin_urls
cache
i18n
l10n
log
static
tz
